<?xml version="1.0" encoding="UTF-8"?>
<coverage generated="1520212174704" clover="3.2.0">
  <project timestamp="1520212174704" name="All files">
    <metrics statements="28" coveredstatements="18" conditionals="7" coveredconditionals="4" methods="9" coveredmethods="3" elements="44" coveredelements="25" complexity="0" loc="28" ncloc="28" packages="4" files="4" classes="4">
      <package name="src">
        <metrics statements="4" coveredstatements="2" conditionals="0" coveredconditionals="0" methods="2" coveredmethods="0"/>
        <file name="api.js" path="D:\Programming\IntellijProjects\Java_Techniques\src\Other\Javascript\MERN_Stack\RoutedReduxFullStack\src\api.js">
          <metrics statements="4" coveredstatements="2" conditionals="0" coveredconditionals="0" methods="2" coveredmethods="0"/>
          <line num="4" count="2" type="stmt"/>
          <line num="5" count="0" type="stmt"/>
          <line num="6" count="0" type="stmt"/>
          <line num="10" count="2" type="stmt"/>
        </file>
      </package>
      <package name="src.pages">
        <metrics statements="8" coveredstatements="8" conditionals="2" coveredconditionals="2" methods="1" coveredmethods="1"/>
        <file name="routes.js" path="D:\Programming\IntellijProjects\Java_Techniques\src\Other\Javascript\MERN_Stack\RoutedReduxFullStack\src\pages\routes.js">
          <metrics statements="8" coveredstatements="8" conditionals="2" coveredconditionals="2" methods="1" coveredmethods="1"/>
          <line num="3" count="1" type="stmt"/>
          <line num="4" count="1" type="stmt"/>
          <line num="5" count="1" type="stmt"/>
          <line num="6" count="1" type="stmt"/>
          <line num="7" count="1" type="stmt"/>
          <line num="9" count="2" type="cond" truecount="2" falsecount="0"/>
          <line num="12" count="1" type="stmt"/>
          <line num="48" count="1" type="stmt"/>
        </file>
      </package>
      <package name="src.redux.actions">
        <metrics statements="7" coveredstatements="2" conditionals="0" coveredconditionals="0" methods="5" coveredmethods="1"/>
        <file name="mainActions.js" path="D:\Programming\IntellijProjects\Java_Techniques\src\Other\Javascript\MERN_Stack\RoutedReduxFullStack\src\redux\actions\mainActions.js">
          <metrics statements="7" coveredstatements="2" conditionals="0" coveredconditionals="0" methods="5" coveredmethods="1"/>
          <line num="5" count="2" type="stmt"/>
          <line num="12" count="0" type="stmt"/>
          <line num="13" count="0" type="stmt"/>
          <line num="15" count="0" type="stmt"/>
          <line num="16" count="0" type="stmt"/>
          <line num="24" count="0" type="stmt"/>
          <line num="33" count="2" type="stmt"/>
        </file>
      </package>
      <package name="src.redux.reducers">
        <metrics statements="9" coveredstatements="6" conditionals="5" coveredconditionals="2" methods="1" coveredmethods="1"/>
        <file name="mainReducer.js" path="D:\Programming\IntellijProjects\Java_Techniques\src\Other\Javascript\MERN_Stack\RoutedReduxFullStack\src\redux\reducers\mainReducer.js">
          <metrics statements="9" coveredstatements="6" conditionals="5" coveredconditionals="2" methods="1" coveredmethods="1"/>
          <line num="3" count="1" type="stmt"/>
          <line num="14" count="1" type="cond" truecount="1" falsecount="0"/>
          <line num="15" count="3" type="cond" truecount="1" falsecount="3"/>
          <line num="17" count="0" type="stmt"/>
          <line num="20" count="0" type="stmt"/>
          <line num="28" count="0" type="stmt"/>
          <line num="34" count="1" type="stmt"/>
          <line num="41" count="2" type="stmt"/>
          <line num="44" count="1" type="stmt"/>
        </file>
      </package>
    </metrics>
  </project>
</coverage>
