{"D:\\Programming\\IntellijProjects\\Java_Techniques\\src\\Other\\Javascript\\MERN_Stack\\RoutedReduxFullStack\\src\\api.js": {"path":"D:\\Programming\\IntellijProjects\\Java_Techniques\\src\\Other\\Javascript\\MERN_Stack\\RoutedReduxFullStack\\src\\api.js","statementMap":{"0":{"start":{"line":4,"column":22},"end":{"line":7,"column":1}},"1":{"start":{"line":5,"column":4},"end":{"line":6,"column":40}},"2":{"start":{"line":6,"column":21},"end":{"line":6,"column":38}},"3":{"start":{"line":10,"column":0},"end":{"line":12,"column":2}}},"fnMap":{"0":{"name":"(anonymous_0)","decl":{"start":{"line":4,"column":22},"end":{"line":4,"column":23}},"loc":{"start":{"line":4,"column":28},"end":{"line":7,"column":1}},"line":4},"1":{"name":"(anonymous_1)","decl":{"start":{"line":6,"column":14},"end":{"line":6,"column":15}},"loc":{"start":{"line":6,"column":21},"end":{"line":6,"column":38}},"line":6}},"branchMap":{},"s":{"0":2,"1":0,"2":0,"3":2},"f":{"0":0,"1":0},"b":{},"_coverageSchema":"332fd63041d2c1bcb487cc26dd0d5f7d97098a6c","hash":"ab71c8ea18816bf61d1167145f55cd8e5d5f1a77"}
,"D:\\Programming\\IntellijProjects\\Java_Techniques\\src\\Other\\Javascript\\MERN_Stack\\RoutedReduxFullStack\\src\\pages\\routes.js": {"path":"D:\\Programming\\IntellijProjects\\Java_Techniques\\src\\Other\\Javascript\\MERN_Stack\\RoutedReduxFullStack\\src\\pages\\routes.js","statementMap":{"0":{"start":{"line":3,"column":11},"end":{"line":3,"column":14}},"1":{"start":{"line":4,"column":12},"end":{"line":4,"column":20}},"2":{"start":{"line":5,"column":19},"end":{"line":5,"column":34}},"3":{"start":{"line":6,"column":15},"end":{"line":6,"column":26}},"4":{"start":{"line":7,"column":12},"end":{"line":7,"column":18}},"5":{"start":{"line":9,"column":20},"end":{"line":9,"column":57}},"6":{"start":{"line":9,"column":29},"end":{"line":9,"column":57}},"7":{"start":{"line":12,"column":15},"end":{"line":45,"column":1}},"8":{"start":{"line":48,"column":0},"end":{"line":56,"column":2}}},"fnMap":{"0":{"name":"(anonymous_0)","decl":{"start":{"line":9,"column":20},"end":{"line":9,"column":21}},"loc":{"start":{"line":9,"column":29},"end":{"line":9,"column":57}},"line":9}},"branchMap":{"0":{"loc":{"start":{"line":9,"column":42},"end":{"line":9,"column":55}},"type":"binary-expr","locations":[{"start":{"line":9,"column":42},"end":{"line":9,"column":45}},{"start":{"line":9,"column":49},"end":{"line":9,"column":55}}],"line":9}},"s":{"0":1,"1":1,"2":1,"3":1,"4":1,"5":1,"6":2,"7":1,"8":1},"f":{"0":2},"b":{"0":[2,1]},"_coverageSchema":"332fd63041d2c1bcb487cc26dd0d5f7d97098a6c","hash":"9adc6e4b8f3ae1a6b1503c3c2a4d55f3ef4381fa"}
,"D:\\Programming\\IntellijProjects\\Java_Techniques\\src\\Other\\Javascript\\MERN_Stack\\RoutedReduxFullStack\\src\\redux\\actions\\mainActions.js": {"path":"D:\\Programming\\IntellijProjects\\Java_Techniques\\src\\Other\\Javascript\\MERN_Stack\\RoutedReduxFullStack\\src\\redux\\actions\\mainActions.js","statementMap":{"0":{"start":{"line":5,"column":4},"end":{"line":8,"column":5}},"1":{"start":{"line":12,"column":4},"end":{"line":29,"column":6}},"2":{"start":{"line":13,"column":8},"end":{"line":13,"column":51}},"3":{"start":{"line":15,"column":8},"end":{"line":28,"column":11}},"4":{"start":{"line":16,"column":12},"end":{"line":22,"column":15}},"5":{"start":{"line":24,"column":12},"end":{"line":27,"column":15}},"6":{"start":{"line":33,"column":0},"end":{"line":36,"column":2}}},"fnMap":{"0":{"name":"sayHello","decl":{"start":{"line":4,"column":9},"end":{"line":4,"column":17}},"loc":{"start":{"line":4,"column":27},"end":{"line":9,"column":1}},"line":4},"1":{"name":"fetchContests","decl":{"start":{"line":11,"column":9},"end":{"line":11,"column":22}},"loc":{"start":{"line":11,"column":25},"end":{"line":30,"column":1}},"line":11},"2":{"name":"(anonymous_2)","decl":{"start":{"line":12,"column":11},"end":{"line":12,"column":12}},"loc":{"start":{"line":12,"column":30},"end":{"line":29,"column":5}},"line":12},"3":{"name":"(anonymous_3)","decl":{"start":{"line":15,"column":33},"end":{"line":15,"column":34}},"loc":{"start":{"line":15,"column":45},"end":{"line":23,"column":9}},"line":15},"4":{"name":"(anonymous_4)","decl":{"start":{"line":23,"column":17},"end":{"line":23,"column":18}},"loc":{"start":{"line":23,"column":24},"end":{"line":28,"column":9}},"line":23}},"branchMap":{},"s":{"0":2,"1":0,"2":0,"3":0,"4":0,"5":0,"6":2},"f":{"0":2,"1":0,"2":0,"3":0,"4":0},"b":{},"_coverageSchema":"332fd63041d2c1bcb487cc26dd0d5f7d97098a6c","hash":"891314c65920e2b7e3af664d8e6ea7b26236e635"}
,"D:\\Programming\\IntellijProjects\\Java_Techniques\\src\\Other\\Javascript\\MERN_Stack\\RoutedReduxFullStack\\src\\redux\\reducers\\mainReducer.js": {"path":"D:\\Programming\\IntellijProjects\\Java_Techniques\\src\\Other\\Javascript\\MERN_Stack\\RoutedReduxFullStack\\src\\redux\\reducers\\mainReducer.js","statementMap":{"0":{"start":{"line":3,"column":21},"end":{"line":12,"column":2}},"1":{"start":{"line":14,"column":16},"end":{"line":42,"column":1}},"2":{"start":{"line":15,"column":4},"end":{"line":39,"column":5}},"3":{"start":{"line":17,"column":12},"end":{"line":17,"column":46}},"4":{"start":{"line":20,"column":12},"end":{"line":25,"column":13}},"5":{"start":{"line":28,"column":12},"end":{"line":31,"column":13}},"6":{"start":{"line":34,"column":12},"end":{"line":37,"column":13}},"7":{"start":{"line":41,"column":4},"end":{"line":41,"column":17}},"8":{"start":{"line":44,"column":0},"end":{"line":44,"column":25}}},"fnMap":{"0":{"name":"(anonymous_0)","decl":{"start":{"line":14,"column":16},"end":{"line":14,"column":17}},"loc":{"start":{"line":14,"column":55},"end":{"line":42,"column":1}},"line":14}},"branchMap":{"0":{"loc":{"start":{"line":14,"column":25},"end":{"line":14,"column":45}},"type":"default-arg","locations":[{"start":{"line":14,"column":33},"end":{"line":14,"column":45}}],"line":14},"1":{"loc":{"start":{"line":15,"column":4},"end":{"line":39,"column":5}},"type":"switch","locations":[{"start":{"line":16,"column":8},"end":{"line":18,"column":9}},{"start":{"line":19,"column":8},"end":{"line":26,"column":9}},{"start":{"line":27,"column":8},"end":{"line":32,"column":9}},{"start":{"line":33,"column":8},"end":{"line":38,"column":9}}],"line":15}},"s":{"0":1,"1":1,"2":3,"3":0,"4":0,"5":0,"6":1,"7":2,"8":1},"f":{"0":3},"b":{"0":[2],"1":[0,0,0,1]},"_coverageSchema":"332fd63041d2c1bcb487cc26dd0d5f7d97098a6c","hash":"ca9b85b6a506410de860a2b28c67951151d3d026"}
}
