TN:
SF:D:\Programming\IntellijProjects\Java_Techniques\src\Other\Javascript\MERN_Stack\RoutedReduxFullStack\src\api.js
FN:4,(anonymous_0)
FN:6,(anonymous_1)
FNF:2
FNH:2
FNDA:1,(anonymous_0)
FNDA:1,(anonymous_1)
DA:4,3
DA:5,1
DA:6,1
DA:10,3
LF:4
LH:4
BRF:0
BRH:0
end_of_record
TN:
SF:D:\Programming\IntellijProjects\Java_Techniques\src\Other\Javascript\MERN_Stack\RoutedReduxFullStack\src\pages\routes.js
FN:9,(anonymous_0)
FNF:1
FNH:1
FNDA:2,(anonymous_0)
DA:3,1
DA:4,1
DA:5,1
DA:6,1
DA:7,1
DA:9,2
DA:12,1
DA:48,1
LF:8
LH:8
BRDA:9,0,0,2
BRDA:9,0,1,1
BRF:2
BRH:2
end_of_record
TN:
SF:D:\Programming\IntellijProjects\Java_Techniques\src\Other\Javascript\MERN_Stack\RoutedReduxFullStack\src\redux\actions\mainActions.js
FN:4,sayHello
FN:11,fetchContests
FN:12,(anonymous_2)
FN:15,(anonymous_3)
FN:22,(anonymous_4)
FNF:5
FNH:1
FNDA:2,sayHello
FNDA:0,fetchContests
FNDA:0,(anonymous_2)
FNDA:0,(anonymous_3)
FNDA:0,(anonymous_4)
DA:5,2
DA:12,0
DA:13,0
DA:15,0
DA:16,0
DA:23,0
DA:32,2
LF:7
LH:2
BRF:0
BRH:0
end_of_record
TN:
SF:D:\Programming\IntellijProjects\Java_Techniques\src\Other\Javascript\MERN_Stack\RoutedReduxFullStack\src\redux\reducers\mainReducer.js
FN:14,(anonymous_0)
FNF:1
FNH:1
FNDA:9,(anonymous_0)
DA:3,1
DA:14,1
DA:15,9
DA:18,1
DA:24,1
DA:32,1
DA:39,1
DA:46,5
DA:49,1
LF:9
LH:9
BRDA:14,0,0,5
BRDA:15,1,0,1
BRDA:15,1,1,1
BRDA:15,1,2,1
BRDA:15,1,3,1
BRF:5
BRH:5
end_of_record
